D:\Rag-retrieval-project\backend\rag_backend\settings.py changed, reloading.
Watching for file changes with StatReloader
Connected to existing collection: documents
Processing request to: /api/docs/
Processing request to: /api/favorites/
Request method: GET
Request method: GET
Header HTTP_HOST: localhost:8000
Header HTTP_HOST: localhost:8000
Header HTTP_CONNECTION: keep-alive
Header HTTP_CONNECTION: keep-alive
Header HTTP_SEC_CH_UA_PLATFORM: "Windows"
Header HTTP_SEC_CH_UA_PLATFORM: "Windows"
Header HTTP_USER_AGENT: Mozilla/5.0 (Windows NT 10.0; Win64; x64) AppleWebKit/537.36 (KHTML, like Gecko) Chrome/142.0.0.0 Safari/537.36 Edg/142.0.0.0
Header HTTP_AUTHORIZATION: Bearer eyJhbGciOiJSUzI1NiIsImNhdCI6ImNsX0I3ZDRQRDExMUFBQSIsImtpZCI6Imluc18zM3VjN1BobkcyS2p6R2dla1gxU3hUNW16ZEwiLCJ0eXAiOiJKV1QifQ.eyJhenAiOiJodHRwOi8vbG9jYWxob3N0OjgwODAiLCJleHAiOjE3NjI3MjQ3NDAsImZ2YSI6WzU1NSwtMV0sImlhdCI6MTc2MjcyNDY4MCwiaXNzIjoiaHR0cHM6Ly9zdGlycmVkLWNvbmRvci03My5jbGVyay5hY2NvdW50cy5kZXYiLCJuYmYiOjE3NjI3MjQ2NzAsInNpZCI6InNlc3NfMzVGMkJQbjJ2bGpRWEt6ak1xbU9pY2FmaGY0Iiwic3RzIjoiYWN0aXZlIiwic3ViIjoidXNlcl8zM3VjRW5ka2x3MXU4Z3oyelBrQjdvYXlPcEoiLCJ2IjoyfQ.SDG-Xe8O615QTOR5nQVKFLjCuGSmnxZrciFftrU6IdRi-eB0GwM95dN0cNiJtJj19v3k5Qe7vPxhlFhwcsm3I60hz7MhwgU6fMek47zoYDrCPaBOTpCQpXlxhPr_J2icNsUo8RO-Wv3HwlaUYmkIbTFO2Z9kJvJtWRJGt6pfKRy-sqFS4b-ZuKQccfnq2fW8I50vOuclDxQoEaO7cnNwfJu9aBKlSyk4TnGDlBEbuICWz-QkEoXZnbP87AWz4O_vTC5Hq8yCCobNle5Z2gfxvu-zWCWCWffnrf5YJICofKdpscy5SjFBhNhCR9cw1dS2SppdZ0JaDQnRaW4WZqddMQ
Header HTTP_SEC_CH_UA: "Chromium";v="142", "Microsoft Edge";v="142", "Not_A Brand";v="99"
Header HTTP_USER_AGENT: Mozilla/5.0 (Windows NT 10.0; Win64; x64) AppleWebKit/537.36 (KHTML, like Gecko) Chrome/142.0.0.0 Safari/537.36 Edg/142.0.0.0
Header HTTP_SEC_CH_UA_MOBILE: ?0
Header HTTP_SEC_CH_UA: "Chromium";v="142", "Microsoft Edge";v="142", "Not_A Brand";v="99"
Header HTTP_ACCEPT: */*
Header HTTP_SEC_CH_UA_MOBILE: ?0
Header HTTP_ORIGIN: http://localhost:8080
Header HTTP_ACCEPT: */*
Header HTTP_SEC_FETCH_SITE: same-site
Header HTTP_ORIGIN: http://localhost:8080
Header HTTP_SEC_FETCH_MODE: cors
Header HTTP_SEC_FETCH_SITE: same-site
Header HTTP_SEC_FETCH_DEST: empty
Header HTTP_SEC_FETCH_MODE: cors
Header HTTP_REFERER: http://localhost:8080/
Header HTTP_SEC_FETCH_DEST: empty
Header HTTP_ACCEPT_ENCODING: gzip, deflate, br, zstd
Header HTTP_REFERER: http://localhost:8080/
Header HTTP_ACCEPT_LANGUAGE: en-US,en;q=0.9,en-IN;q=0.8
Header HTTP_ACCEPT_ENCODING: gzip, deflate, br, zstd
Skipping auth for path: /api/docs/
Header HTTP_ACCEPT_LANGUAGE: en-US,en;q=0.9,en-IN;q=0.8
ClerkJWTMiddleware processing request to: /api/favorites/
Authorization header present: True
Extracted token length: 804, path: /api/favorites/
Token verification result: True, path: /api/favorites/
Authenticated user: user_33ucEndklw1u8gz2zPkB7oayOpJ for path: /api/favorites/
list_favorites called for user: user_33ucEndklw1u8gz2zPkB7oayOpJ
Found 0 favorites for user user_33ucEndklw1u8gz2zPkB7oayOpJ
"GET /api/favorites/ HTTP/1.1" 200 2
"GET /api/docs/ HTTP/1.1" 200 24003
Processing request to: /api/docs/user/
Request method: GET
Header HTTP_HOST: localhost:8000
Header HTTP_CONNECTION: keep-alive
Header HTTP_SEC_CH_UA_PLATFORM: "Windows"
Header HTTP_AUTHORIZATION: Bearer eyJhbGciOiJSUzI1NiIsImNhdCI6ImNsX0I3ZDRQRDExMUFBQSIsImtpZCI6Imluc18zM3VjN1BobkcyS2p6R2dla1gxU3hUNW16ZEwiLCJ0eXAiOiJKV1QifQ.eyJhenAiOiJodHRwOi8vbG9jYWxob3N0OjgwODAiLCJleHAiOjE3NjI3MjQ3NDAsImZ2YSI6WzU1NSwtMV0sImlhdCI6MTc2MjcyNDY4MCwiaXNzIjoiaHR0cHM6Ly9zdGlycmVkLWNvbmRvci03My5jbGVyay5hY2NvdW50cy5kZXYiLCJuYmYiOjE3NjI3MjQ2NzAsInNpZCI6InNlc3NfMzVGMkJQbjJ2bGpRWEt6ak1xbU9pY2FmaGY0Iiwic3RzIjoiYWN0aXZlIiwic3ViIjoidXNlcl8zM3VjRW5ka2x3MXU4Z3oyelBrQjdvYXlPcEoiLCJ2IjoyfQ.SDG-Xe8O615QTOR5nQVKFLjCuGSmnxZrciFftrU6IdRi-eB0GwM95dN0cNiJtJj19v3k5Qe7vPxhlFhwcsm3I60hz7MhwgU6fMek47zoYDrCPaBOTpCQpXlxhPr_J2icNsUo8RO-Wv3HwlaUYmkIbTFO2Z9kJvJtWRJGt6pfKRy-sqFS4b-ZuKQccfnq2fW8I50vOuclDxQoEaO7cnNwfJu9aBKlSyk4TnGDlBEbuICWz-QkEoXZnbP87AWz4O_vTC5Hq8yCCobNle5Z2gfxvu-zWCWCWffnrf5YJICofKdpscy5SjFBhNhCR9cw1dS2SppdZ0JaDQnRaW4WZqddMQ
Header HTTP_USER_AGENT: Mozilla/5.0 (Windows NT 10.0; Win64; x64) AppleWebKit/537.36 (KHTML, like Gecko) Chrome/142.0.0.0 Safari/537.36 Edg/142.0.0.0
Header HTTP_SEC_CH_UA: "Chromium";v="142", "Microsoft Edge";v="142", "Not_A Brand";v="99"
Header HTTP_SEC_CH_UA_MOBILE: ?0
Header HTTP_ACCEPT: */*
Header HTTP_ORIGIN: http://localhost:8080
Header HTTP_SEC_FETCH_SITE: same-site
Header HTTP_SEC_FETCH_MODE: cors
Header HTTP_SEC_FETCH_DEST: empty
Header HTTP_REFERER: http://localhost:8080/
Header HTTP_ACCEPT_ENCODING: gzip, deflate, br, zstd
Header HTTP_ACCEPT_LANGUAGE: en-US,en;q=0.9,en-IN;q=0.8
ClerkJWTMiddleware processing request to: /api/docs/user/
Authorization header present: True
Extracted token length: 804, path: /api/docs/user/
Token verification result: True, path: /api/docs/user/
Authenticated user: user_33ucEndklw1u8gz2zPkB7oayOpJ for path: /api/docs/user/
List user documents request - clerk_user_id: user_33ucEndklw1u8gz2zPkB7oayOpJ
"GET /api/docs/user/ HTTP/1.1" 200 1042
Processing request to: /api/docs/
Request method: GET
Header HTTP_HOST: localhost:8000
Header HTTP_CONNECTION: keep-alive
Header HTTP_SEC_CH_UA_PLATFORM: "Windows"
Header HTTP_USER_AGENT: Mozilla/5.0 (Windows NT 10.0; Win64; x64) AppleWebKit/537.36 (KHTML, like Gecko) Chrome/142.0.0.0 Safari/537.36 Edg/142.0.0.0
Header HTTP_SEC_CH_UA: "Chromium";v="142", "Microsoft Edge";v="142", "Not_A Brand";v="99"
Header HTTP_SEC_CH_UA_MOBILE: ?0
Header HTTP_ACCEPT: */*
Header HTTP_ORIGIN: http://localhost:8080
Header HTTP_SEC_FETCH_SITE: same-site
Header HTTP_SEC_FETCH_MODE: cors
Header HTTP_SEC_FETCH_DEST: empty
Header HTTP_REFERER: http://localhost:8080/
Header HTTP_ACCEPT_ENCODING: gzip, deflate, br, zstd
Header HTTP_ACCEPT_LANGUAGE: en-US,en;q=0.9,en-IN;q=0.8
Skipping auth for path: /api/docs/
"GET /api/docs/ HTTP/1.1" 200 24003
Processing request to: /api/favorites/
Request method: GET
Header HTTP_HOST: localhost:8000
Header HTTP_CONNECTION: keep-alive
Header HTTP_SEC_CH_UA_PLATFORM: "Windows"
Header HTTP_AUTHORIZATION: Bearer eyJhbGciOiJSUzI1NiIsImNhdCI6ImNsX0I3ZDRQRDExMUFBQSIsImtpZCI6Imluc18zM3VjN1BobkcyS2p6R2dla1gxU3hUNW16ZEwiLCJ0eXAiOiJKV1QifQ.eyJhenAiOiJodHRwOi8vbG9jYWxob3N0OjgwODAiLCJleHAiOjE3NjI3MjQ3NDAsImZ2YSI6WzU1NSwtMV0sImlhdCI6MTc2MjcyNDY4MCwiaXNzIjoiaHR0cHM6Ly9zdGlycmVkLWNvbmRvci03My5jbGVyay5hY2NvdW50cy5kZXYiLCJuYmYiOjE3NjI3MjQ2NzAsInNpZCI6InNlc3NfMzVGMkJQbjJ2bGpRWEt6ak1xbU9pY2FmaGY0Iiwic3RzIjoiYWN0aXZlIiwic3ViIjoidXNlcl8zM3VjRW5ka2x3MXU4Z3oyelBrQjdvYXlPcEoiLCJ2IjoyfQ.SDG-Xe8O615QTOR5nQVKFLjCuGSmnxZrciFftrU6IdRi-eB0GwM95dN0cNiJtJj19v3k5Qe7vPxhlFhwcsm3I60hz7MhwgU6fMek47zoYDrCPaBOTpCQpXlxhPr_J2icNsUo8RO-Wv3HwlaUYmkIbTFO2Z9kJvJtWRJGt6pfKRy-sqFS4b-ZuKQccfnq2fW8I50vOuclDxQoEaO7cnNwfJu9aBKlSyk4TnGDlBEbuICWz-QkEoXZnbP87AWz4O_vTC5Hq8yCCobNle5Z2gfxvu-zWCWCWffnrf5YJICofKdpscy5SjFBhNhCR9cw1dS2SppdZ0JaDQnRaW4WZqddMQ
Header HTTP_USER_AGENT: Mozilla/5.0 (Windows NT 10.0; Win64; x64) AppleWebKit/537.36 (KHTML, like Gecko) Chrome/142.0.0.0 Safari/537.36 Edg/142.0.0.0
Header HTTP_SEC_CH_UA: "Chromium";v="142", "Microsoft Edge";v="142", "Not_A Brand";v="99"
Header HTTP_SEC_CH_UA_MOBILE: ?0
Header HTTP_ACCEPT: */*
Header HTTP_ORIGIN: http://localhost:8080
Header HTTP_SEC_FETCH_SITE: same-site
Header HTTP_SEC_FETCH_MODE: cors
Header HTTP_SEC_FETCH_DEST: empty
Header HTTP_REFERER: http://localhost:8080/
Header HTTP_ACCEPT_ENCODING: gzip, deflate, br, zstd
Header HTTP_ACCEPT_LANGUAGE: en-US,en;q=0.9,en-IN;q=0.8
ClerkJWTMiddleware processing request to: /api/favorites/
Authorization header present: True
Extracted token length: 804, path: /api/favorites/
Token verification result: True, path: /api/favorites/
Authenticated user: user_33ucEndklw1u8gz2zPkB7oayOpJ for path: /api/favorites/
list_favorites called for user: user_33ucEndklw1u8gz2zPkB7oayOpJ
Found 0 favorites for user user_33ucEndklw1u8gz2zPkB7oayOpJ
"GET /api/favorites/ HTTP/1.1" 200 2
Processing request to: /api/docs/eb328eb721ec5a013eefb72e1688dc68/file/
Request method: GET
Header HTTP_HOST: localhost:8000
Header HTTP_CONNECTION: keep-alive
Header HTTP_SEC_CH_UA_PLATFORM: "Windows"
Header HTTP_USER_AGENT: Mozilla/5.0 (Windows NT 10.0; Win64; x64) AppleWebKit/537.36 (KHTML, like Gecko) Chrome/142.0.0.0 Safari/537.36 Edg/142.0.0.0
Header HTTP_SEC_CH_UA: "Chromium";v="142", "Microsoft Edge";v="142", "Not_A Brand";v="99"
Header HTTP_SEC_CH_UA_MOBILE: ?0
Header HTTP_ACCEPT: */*
Header HTTP_ORIGIN: http://localhost:8080
Header HTTP_SEC_FETCH_SITE: same-site
Header HTTP_SEC_FETCH_MODE: cors
Header HTTP_SEC_FETCH_DEST: empty
Header HTTP_REFERER: http://localhost:8080/
Header HTTP_ACCEPT_ENCODING: gzip, deflate, br, zstd
Header HTTP_ACCEPT_LANGUAGE: en-US,en;q=0.9,en-IN;q=0.8
ClerkJWTMiddleware processing request to: /api/docs/eb328eb721ec5a013eefb72e1688dc68/file/
Authorization header present: False
_requires_auth for /api/docs/eb328eb721ec5a013eefb72e1688dc68/file/: False
Serving document file for ID: eb328eb721ec5a013eefb72e1688dc68
Found document: IntelliCode Compose: Code Generation using Transformer with file_path: ./pdfs\user_33ucEndklw1u8gz2zPkB7oayOpJ\IntelliCode_Compose__Code_Generation_Using_Transformer[1].pdf
"GET /api/docs/eb328eb721ec5a013eefb72e1688dc68/file/ HTTP/1.1" 200 791249
Processing request to: /api/docs/eb328eb721ec5a013eefb72e1688dc68/file/
Request method: GET
Header HTTP_HOST: localhost:8000
Header HTTP_CONNECTION: keep-alive
Header HTTP_SEC_CH_UA_PLATFORM: "Windows"
Header HTTP_USER_AGENT: Mozilla/5.0 (Windows NT 10.0; Win64; x64) AppleWebKit/537.36 (KHTML, like Gecko) Chrome/142.0.0.0 Safari/537.36 Edg/142.0.0.0
Header HTTP_SEC_CH_UA: "Chromium";v="142", "Microsoft Edge";v="142", "Not_A Brand";v="99"
Header HTTP_SEC_CH_UA_MOBILE: ?0
Header HTTP_ACCEPT: */*
Header HTTP_ORIGIN: http://localhost:8080
Header HTTP_SEC_FETCH_SITE: same-site
Header HTTP_SEC_FETCH_MODE: cors
Header HTTP_SEC_FETCH_DEST: empty
Header HTTP_REFERER: http://localhost:8080/
Header HTTP_ACCEPT_ENCODING: identity
Header HTTP_ACCEPT_LANGUAGE: en-US,en;q=0.9,en-IN;q=0.8
Header HTTP_RANGE: bytes=786432-791248
ClerkJWTMiddleware processing request to: /api/docs/eb328eb721ec5a013eefb72e1688dc68/file/
Authorization header present: False
_requires_auth for /api/docs/eb328eb721ec5a013eefb72e1688dc68/file/: False
Serving document file for ID: eb328eb721ec5a013eefb72e1688dc68
Found document: IntelliCode Compose: Code Generation using Transformer with file_path: ./pdfs\user_33ucEndklw1u8gz2zPkB7oayOpJ\IntelliCode_Compose__Code_Generation_Using_Transformer[1].pdf
- Broken pipe from ('127.0.0.1', 59014)
Processing request to: /api/docs/eb328eb721ec5a013eefb72e1688dc68/file/
Request method: GET
Header HTTP_HOST: localhost:8000
Header HTTP_CONNECTION: keep-alive
Header HTTP_SEC_CH_UA_PLATFORM: "Windows"
Header HTTP_USER_AGENT: Mozilla/5.0 (Windows NT 10.0; Win64; x64) AppleWebKit/537.36 (KHTML, like Gecko) Chrome/142.0.0.0 Safari/537.36 Edg/142.0.0.0
Header HTTP_SEC_CH_UA: "Chromium";v="142", "Microsoft Edge";v="142", "Not_A Brand";v="99"
Header HTTP_SEC_CH_UA_MOBILE: ?0
Header HTTP_ACCEPT: */*
Header HTTP_ORIGIN: http://localhost:8080
Header HTTP_SEC_FETCH_SITE: same-site
Header HTTP_SEC_FETCH_MODE: cors
Header HTTP_SEC_FETCH_DEST: empty
Header HTTP_REFERER: http://localhost:8080/
Header HTTP_ACCEPT_ENCODING: gzip, deflate, br, zstd
Header HTTP_ACCEPT_LANGUAGE: en-US,en;q=0.9,en-IN;q=0.8
ClerkJWTMiddleware processing request to: /api/docs/eb328eb721ec5a013eefb72e1688dc68/file/
Authorization header present: False
_requires_auth for /api/docs/eb328eb721ec5a013eefb72e1688dc68/file/: False
Serving document file for ID: eb328eb721ec5a013eefb72e1688dc68
Found document: IntelliCode Compose: Code Generation using Transformer with file_path: ./pdfs\user_33ucEndklw1u8gz2zPkB7oayOpJ\IntelliCode_Compose__Code_Generation_Using_Transformer[1].pdf
"GET /api/docs/eb328eb721ec5a013eefb72e1688dc68/file/ HTTP/1.1" 200 791249
Processing request to: /api/docs/eb328eb721ec5a013eefb72e1688dc68/file/
Request method: GET
Header HTTP_HOST: localhost:8000
Header HTTP_CONNECTION: keep-alive
Header HTTP_SEC_CH_UA_PLATFORM: "Windows"
Header HTTP_USER_AGENT: Mozilla/5.0 (Windows NT 10.0; Win64; x64) AppleWebKit/537.36 (KHTML, like Gecko) Chrome/142.0.0.0 Safari/537.36 Edg/142.0.0.0
Header HTTP_SEC_CH_UA: "Chromium";v="142", "Microsoft Edge";v="142", "Not_A Brand";v="99"
Header HTTP_SEC_CH_UA_MOBILE: ?0
Header HTTP_ACCEPT: */*
Header HTTP_ORIGIN: http://localhost:8080
Header HTTP_SEC_FETCH_SITE: same-site
Header HTTP_SEC_FETCH_MODE: cors
Header HTTP_SEC_FETCH_DEST: empty
Header HTTP_REFERER: http://localhost:8080/
Header HTTP_ACCEPT_ENCODING: identity
Header HTTP_ACCEPT_LANGUAGE: en-US,en;q=0.9,en-IN;q=0.8
Header HTTP_RANGE: bytes=786432-791248
ClerkJWTMiddleware processing request to: /api/docs/eb328eb721ec5a013eefb72e1688dc68/file/
Authorization header present: False
_requires_auth for /api/docs/eb328eb721ec5a013eefb72e1688dc68/file/: False
Serving document file for ID: eb328eb721ec5a013eefb72e1688dc68
Found document: IntelliCode Compose: Code Generation using Transformer with file_path: ./pdfs\user_33ucEndklw1u8gz2zPkB7oayOpJ\IntelliCode_Compose__Code_Generation_Using_Transformer[1].pdf
"GET /api/docs/eb328eb721ec5a013eefb72e1688dc68/file/ HTTP/1.1" 200 791249
Processing request to: /api/docs/
Request method: GET
Header HTTP_HOST: localhost:8000
Header HTTP_CONNECTION: keep-alive
Processing request to: /api/favorites/
Header HTTP_SEC_CH_UA_PLATFORM: "Windows"
Request method: GET
Header HTTP_USER_AGENT: Mozilla/5.0 (Windows NT 10.0; Win64; x64) AppleWebKit/537.36 (KHTML, like Gecko) Chrome/142.0.0.0 Safari/537.36 Edg/142.0.0.0
Header HTTP_HOST: localhost:8000
Header HTTP_SEC_CH_UA: "Chromium";v="142", "Microsoft Edge";v="142", "Not_A Brand";v="99"
Header HTTP_CONNECTION: keep-alive
Header HTTP_SEC_CH_UA_MOBILE: ?0
Header HTTP_SEC_CH_UA_PLATFORM: "Windows"
Header HTTP_ACCEPT: */*
Header HTTP_AUTHORIZATION: Bearer eyJhbGciOiJSUzI1NiIsImNhdCI6ImNsX0I3ZDRQRDExMUFBQSIsImtpZCI6Imluc18zM3VjN1BobkcyS2p6R2dla1gxU3hUNW16ZEwiLCJ0eXAiOiJKV1QifQ.eyJhenAiOiJodHRwOi8vbG9jYWxob3N0OjgwODAiLCJleHAiOjE3NjI3MjQ3NDAsImZ2YSI6WzU1NSwtMV0sImlhdCI6MTc2MjcyNDY4MCwiaXNzIjoiaHR0cHM6Ly9zdGlycmVkLWNvbmRvci03My5jbGVyay5hY2NvdW50cy5kZXYiLCJuYmYiOjE3NjI3MjQ2NzAsInNpZCI6InNlc3NfMzVGMkJQbjJ2bGpRWEt6ak1xbU9pY2FmaGY0Iiwic3RzIjoiYWN0aXZlIiwic3ViIjoidXNlcl8zM3VjRW5ka2x3MXU4Z3oyelBrQjdvYXlPcEoiLCJ2IjoyfQ.SDG-Xe8O615QTOR5nQVKFLjCuGSmnxZrciFftrU6IdRi-eB0GwM95dN0cNiJtJj19v3k5Qe7vPxhlFhwcsm3I60hz7MhwgU6fMek47zoYDrCPaBOTpCQpXlxhPr_J2icNsUo8RO-Wv3HwlaUYmkIbTFO2Z9kJvJtWRJGt6pfKRy-sqFS4b-ZuKQccfnq2fW8I50vOuclDxQoEaO7cnNwfJu9aBKlSyk4TnGDlBEbuICWz-QkEoXZnbP87AWz4O_vTC5Hq8yCCobNle5Z2gfxvu-zWCWCWffnrf5YJICofKdpscy5SjFBhNhCR9cw1dS2SppdZ0JaDQnRaW4WZqddMQ
Header HTTP_ORIGIN: http://localhost:8080
Header HTTP_USER_AGENT: Mozilla/5.0 (Windows NT 10.0; Win64; x64) AppleWebKit/537.36 (KHTML, like Gecko) Chrome/142.0.0.0 Safari/537.36 Edg/142.0.0.0
Header HTTP_SEC_FETCH_SITE: same-site
Header HTTP_SEC_CH_UA: "Chromium";v="142", "Microsoft Edge";v="142", "Not_A Brand";v="99"
Header HTTP_SEC_FETCH_MODE: cors
Header HTTP_SEC_CH_UA_MOBILE: ?0
Header HTTP_SEC_FETCH_DEST: empty
Header HTTP_ACCEPT: */*
Header HTTP_REFERER: http://localhost:8080/
Header HTTP_ORIGIN: http://localhost:8080
Header HTTP_ACCEPT_ENCODING: gzip, deflate, br, zstd
Header HTTP_SEC_FETCH_SITE: same-site
Header HTTP_ACCEPT_LANGUAGE: en-US,en;q=0.9,en-IN;q=0.8
Header HTTP_SEC_FETCH_MODE: cors
Skipping auth for path: /api/docs/
Header HTTP_SEC_FETCH_DEST: empty
Header HTTP_REFERER: http://localhost:8080/
Header HTTP_ACCEPT_ENCODING: gzip, deflate, br, zstd
Header HTTP_ACCEPT_LANGUAGE: en-US,en;q=0.9,en-IN;q=0.8
ClerkJWTMiddleware processing request to: /api/favorites/
Authorization header present: True
Extracted token length: 804, path: /api/favorites/
Token verification result: True, path: /api/favorites/
Authenticated user: user_33ucEndklw1u8gz2zPkB7oayOpJ for path: /api/favorites/
list_favorites called for user: user_33ucEndklw1u8gz2zPkB7oayOpJ
"GET /api/docs/ HTTP/1.1" 200 24003
Found 0 favorites for user user_33ucEndklw1u8gz2zPkB7oayOpJ
"GET /api/favorites/ HTTP/1.1" 200 2
Processing request to: /api/docs/user/
Request method: GET
Header HTTP_HOST: localhost:8000
Header HTTP_CONNECTION: keep-alive
Header HTTP_SEC_CH_UA_PLATFORM: "Windows"
Header HTTP_AUTHORIZATION: Bearer eyJhbGciOiJSUzI1NiIsImNhdCI6ImNsX0I3ZDRQRDExMUFBQSIsImtpZCI6Imluc18zM3VjN1BobkcyS2p6R2dla1gxU3hUNW16ZEwiLCJ0eXAiOiJKV1QifQ.eyJhenAiOiJodHRwOi8vbG9jYWxob3N0OjgwODAiLCJleHAiOjE3NjI3MjQ3NDAsImZ2YSI6WzU1NSwtMV0sImlhdCI6MTc2MjcyNDY4MCwiaXNzIjoiaHR0cHM6Ly9zdGlycmVkLWNvbmRvci03My5jbGVyay5hY2NvdW50cy5kZXYiLCJuYmYiOjE3NjI3MjQ2NzAsInNpZCI6InNlc3NfMzVGMkJQbjJ2bGpRWEt6ak1xbU9pY2FmaGY0Iiwic3RzIjoiYWN0aXZlIiwic3ViIjoidXNlcl8zM3VjRW5ka2x3MXU4Z3oyelBrQjdvYXlPcEoiLCJ2IjoyfQ.SDG-Xe8O615QTOR5nQVKFLjCuGSmnxZrciFftrU6IdRi-eB0GwM95dN0cNiJtJj19v3k5Qe7vPxhlFhwcsm3I60hz7MhwgU6fMek47zoYDrCPaBOTpCQpXlxhPr_J2icNsUo8RO-Wv3HwlaUYmkIbTFO2Z9kJvJtWRJGt6pfKRy-sqFS4b-ZuKQccfnq2fW8I50vOuclDxQoEaO7cnNwfJu9aBKlSyk4TnGDlBEbuICWz-QkEoXZnbP87AWz4O_vTC5Hq8yCCobNle5Z2gfxvu-zWCWCWffnrf5YJICofKdpscy5SjFBhNhCR9cw1dS2SppdZ0JaDQnRaW4WZqddMQ
Header HTTP_USER_AGENT: Mozilla/5.0 (Windows NT 10.0; Win64; x64) AppleWebKit/537.36 (KHTML, like Gecko) Chrome/142.0.0.0 Safari/537.36 Edg/142.0.0.0
Header HTTP_SEC_CH_UA: "Chromium";v="142", "Microsoft Edge";v="142", "Not_A Brand";v="99"
Header HTTP_SEC_CH_UA_MOBILE: ?0
Header HTTP_ACCEPT: */*
Header HTTP_ORIGIN: http://localhost:8080
Header HTTP_SEC_FETCH_SITE: same-site
Header HTTP_SEC_FETCH_MODE: cors
Header HTTP_SEC_FETCH_DEST: empty
Header HTTP_REFERER: http://localhost:8080/
Header HTTP_ACCEPT_ENCODING: gzip, deflate, br, zstd
Header HTTP_ACCEPT_LANGUAGE: en-US,en;q=0.9,en-IN;q=0.8
ClerkJWTMiddleware processing request to: /api/docs/user/
Authorization header present: True
Extracted token length: 804, path: /api/docs/user/
Token verification result: True, path: /api/docs/user/
Authenticated user: user_33ucEndklw1u8gz2zPkB7oayOpJ for path: /api/docs/user/
List user documents request - clerk_user_id: user_33ucEndklw1u8gz2zPkB7oayOpJ
"GET /api/docs/user/ HTTP/1.1" 200 1042
Processing request to: /api/docs/eb328eb721ec5a013eefb72e1688dc68/delete/
Request method: DELETE
Header HTTP_HOST: localhost:8000
Header HTTP_CONNECTION: keep-alive
Header HTTP_SEC_CH_UA_PLATFORM: "Windows"
Header HTTP_AUTHORIZATION: Bearer eyJhbGciOiJSUzI1NiIsImNhdCI6ImNsX0I3ZDRQRDExMUFBQSIsImtpZCI6Imluc18zM3VjN1BobkcyS2p6R2dla1gxU3hUNW16ZEwiLCJ0eXAiOiJKV1QifQ.eyJhenAiOiJodHRwOi8vbG9jYWxob3N0OjgwODAiLCJleHAiOjE3NjI3MjQ3NDAsImZ2YSI6WzU1NSwtMV0sImlhdCI6MTc2MjcyNDY4MCwiaXNzIjoiaHR0cHM6Ly9zdGlycmVkLWNvbmRvci03My5jbGVyay5hY2NvdW50cy5kZXYiLCJuYmYiOjE3NjI3MjQ2NzAsInNpZCI6InNlc3NfMzVGMkJQbjJ2bGpRWEt6ak1xbU9pY2FmaGY0Iiwic3RzIjoiYWN0aXZlIiwic3ViIjoidXNlcl8zM3VjRW5ka2x3MXU4Z3oyelBrQjdvYXlPcEoiLCJ2IjoyfQ.SDG-Xe8O615QTOR5nQVKFLjCuGSmnxZrciFftrU6IdRi-eB0GwM95dN0cNiJtJj19v3k5Qe7vPxhlFhwcsm3I60hz7MhwgU6fMek47zoYDrCPaBOTpCQpXlxhPr_J2icNsUo8RO-Wv3HwlaUYmkIbTFO2Z9kJvJtWRJGt6pfKRy-sqFS4b-ZuKQccfnq2fW8I50vOuclDxQoEaO7cnNwfJu9aBKlSyk4TnGDlBEbuICWz-QkEoXZnbP87AWz4O_vTC5Hq8yCCobNle5Z2gfxvu-zWCWCWffnrf5YJICofKdpscy5SjFBhNhCR9cw1dS2SppdZ0JaDQnRaW4WZqddMQ
Header HTTP_USER_AGENT: Mozilla/5.0 (Windows NT 10.0; Win64; x64) AppleWebKit/537.36 (KHTML, like Gecko) Chrome/142.0.0.0 Safari/537.36 Edg/142.0.0.0
Header HTTP_SEC_CH_UA: "Chromium";v="142", "Microsoft Edge";v="142", "Not_A Brand";v="99"
Header HTTP_SEC_CH_UA_MOBILE: ?0
Header HTTP_ACCEPT: */*
Header HTTP_ORIGIN: http://localhost:8080
Header HTTP_SEC_FETCH_SITE: same-site
Header HTTP_SEC_FETCH_MODE: cors
Header HTTP_SEC_FETCH_DEST: empty
Header HTTP_REFERER: http://localhost:8080/
Header HTTP_ACCEPT_ENCODING: gzip, deflate, br, zstd
Header HTTP_ACCEPT_LANGUAGE: en-US,en;q=0.9,en-IN;q=0.8
ClerkJWTMiddleware processing request to: /api/docs/eb328eb721ec5a013eefb72e1688dc68/delete/
Authorization header present: True
Extracted token length: 804, path: /api/docs/eb328eb721ec5a013eefb72e1688dc68/delete/
Token verification result: True, path: /api/docs/eb328eb721ec5a013eefb72e1688dc68/delete/
Authenticated user: user_33ucEndklw1u8gz2zPkB7oayOpJ for path: /api/docs/eb328eb721ec5a013eefb72e1688dc68/delete/
Delete document request - clerk_user_id: user_33ucEndklw1u8gz2zPkB7oayOpJ, document_id: eb328eb721ec5a013eefb72e1688dc68
Connected to existing collection: documents
Deleted 61 chunks for document eb328eb721ec5a013eefb72e1688dc68
"DELETE /api/docs/eb328eb721ec5a013eefb72e1688dc68/delete/ HTTP/1.1" 200 43
Processing request to: /api/docs/
Request method: GET
Processing request to: /api/favorites/
Header HTTP_HOST: localhost:8000
Request method: GET
Header HTTP_CONNECTION: keep-alive
Header HTTP_SEC_CH_UA_PLATFORM: "Windows"
Header HTTP_HOST: localhost:8000
Header HTTP_USER_AGENT: Mozilla/5.0 (Windows NT 10.0; Win64; x64) AppleWebKit/537.36 (KHTML, like Gecko) Chrome/142.0.0.0 Safari/537.36 Edg/142.0.0.0
Header HTTP_SEC_CH_UA: "Chromium";v="142", "Microsoft Edge";v="142", "Not_A Brand";v="99"
Header HTTP_CONNECTION: keep-alive
Header HTTP_SEC_CH_UA_MOBILE: ?0
Header HTTP_SEC_CH_UA_PLATFORM: "Windows"
Header HTTP_ACCEPT: */*
Header HTTP_AUTHORIZATION: Bearer eyJhbGciOiJSUzI1NiIsImNhdCI6ImNsX0I3ZDRQRDExMUFBQSIsImtpZCI6Imluc18zM3VjN1BobkcyS2p6R2dla1gxU3hUNW16ZEwiLCJ0eXAiOiJKV1QifQ.eyJhenAiOiJodHRwOi8vbG9jYWxob3N0OjgwODAiLCJleHAiOjE3NjI3MjQ3NDAsImZ2YSI6WzU1NSwtMV0sImlhdCI6MTc2MjcyNDY4MCwiaXNzIjoiaHR0cHM6Ly9zdGlycmVkLWNvbmRvci03My5jbGVyay5hY2NvdW50cy5kZXYiLCJuYmYiOjE3NjI3MjQ2NzAsInNpZCI6InNlc3NfMzVGMkJQbjJ2bGpRWEt6ak1xbU9pY2FmaGY0Iiwic3RzIjoiYWN0aXZlIiwic3ViIjoidXNlcl8zM3VjRW5ka2x3MXU4Z3oyelBrQjdvYXlPcEoiLCJ2IjoyfQ.SDG-Xe8O615QTOR5nQVKFLjCuGSmnxZrciFftrU6IdRi-eB0GwM95dN0cNiJtJj19v3k5Qe7vPxhlFhwcsm3I60hz7MhwgU6fMek47zoYDrCPaBOTpCQpXlxhPr_J2icNsUo8RO-Wv3HwlaUYmkIbTFO2Z9kJvJtWRJGt6pfKRy-sqFS4b-ZuKQccfnq2fW8I50vOuclDxQoEaO7cnNwfJu9aBKlSyk4TnGDlBEbuICWz-QkEoXZnbP87AWz4O_vTC5Hq8yCCobNle5Z2gfxvu-zWCWCWffnrf5YJICofKdpscy5SjFBhNhCR9cw1dS2SppdZ0JaDQnRaW4WZqddMQ
Header HTTP_ORIGIN: http://localhost:8080
Header HTTP_USER_AGENT: Mozilla/5.0 (Windows NT 10.0; Win64; x64) AppleWebKit/537.36 (KHTML, like Gecko) Chrome/142.0.0.0 Safari/537.36 Edg/142.0.0.0
Header HTTP_SEC_FETCH_SITE: same-site
Header HTTP_SEC_CH_UA: "Chromium";v="142", "Microsoft Edge";v="142", "Not_A Brand";v="99"
Header HTTP_SEC_FETCH_MODE: cors
Header HTTP_SEC_FETCH_DEST: empty
Header HTTP_SEC_CH_UA_MOBILE: ?0
Header HTTP_REFERER: http://localhost:8080/
Header HTTP_ACCEPT: */*
Header HTTP_ACCEPT_ENCODING: gzip, deflate, br, zstd
Header HTTP_ORIGIN: http://localhost:8080
Header HTTP_ACCEPT_LANGUAGE: en-US,en;q=0.9,en-IN;q=0.8
Header HTTP_SEC_FETCH_SITE: same-site
Skipping auth for path: /api/docs/
Header HTTP_SEC_FETCH_MODE: cors
Header HTTP_SEC_FETCH_DEST: empty
Header HTTP_REFERER: http://localhost:8080/
Header HTTP_ACCEPT_ENCODING: gzip, deflate, br, zstd
Header HTTP_ACCEPT_LANGUAGE: en-US,en;q=0.9,en-IN;q=0.8
ClerkJWTMiddleware processing request to: /api/favorites/
Authorization header present: True
Extracted token length: 804, path: /api/favorites/
Token verification result: True, path: /api/favorites/
Authenticated user: user_33ucEndklw1u8gz2zPkB7oayOpJ for path: /api/favorites/
list_favorites called for user: user_33ucEndklw1u8gz2zPkB7oayOpJ
Found 0 favorites for user user_33ucEndklw1u8gz2zPkB7oayOpJ
"GET /api/docs/ HTTP/1.1" 200 24302
"GET /api/favorites/ HTTP/1.1" 200 2
"OPTIONS /api/chat/conversations/list/ HTTP/1.1" 200 0
Processing request to: /api/chat/conversations/list/
Request method: GET
Header HTTP_HOST: localhost:8000
Header HTTP_CONNECTION: keep-alive
Header HTTP_SEC_CH_UA_PLATFORM: "Windows"
Header HTTP_AUTHORIZATION: Bearer eyJhbGciOiJSUzI1NiIsImNhdCI6ImNsX0I3ZDRQRDExMUFBQSIsImtpZCI6Imluc18zM3VjN1BobkcyS2p6R2dla1gxU3hUNW16ZEwiLCJ0eXAiOiJKV1QifQ.eyJhenAiOiJodHRwOi8vbG9jYWxob3N0OjgwODAiLCJleHAiOjE3NjI3MjQ3NDAsImZ2YSI6WzU1NSwtMV0sImlhdCI6MTc2MjcyNDY4MCwiaXNzIjoiaHR0cHM6Ly9zdGlycmVkLWNvbmRvci03My5jbGVyay5hY2NvdW50cy5kZXYiLCJuYmYiOjE3NjI3MjQ2NzAsInNpZCI6InNlc3NfMzVGMkJQbjJ2bGpRWEt6ak1xbU9pY2FmaGY0Iiwic3RzIjoiYWN0aXZlIiwic3ViIjoidXNlcl8zM3VjRW5ka2x3MXU4Z3oyelBrQjdvYXlPcEoiLCJ2IjoyfQ.SDG-Xe8O615QTOR5nQVKFLjCuGSmnxZrciFftrU6IdRi-eB0GwM95dN0cNiJtJj19v3k5Qe7vPxhlFhwcsm3I60hz7MhwgU6fMek47zoYDrCPaBOTpCQpXlxhPr_J2icNsUo8RO-Wv3HwlaUYmkIbTFO2Z9kJvJtWRJGt6pfKRy-sqFS4b-ZuKQccfnq2fW8I50vOuclDxQoEaO7cnNwfJu9aBKlSyk4TnGDlBEbuICWz-QkEoXZnbP87AWz4O_vTC5Hq8yCCobNle5Z2gfxvu-zWCWCWffnrf5YJICofKdpscy5SjFBhNhCR9cw1dS2SppdZ0JaDQnRaW4WZqddMQ
Header HTTP_USER_AGENT: Mozilla/5.0 (Windows NT 10.0; Win64; x64) AppleWebKit/537.36 (KHTML, like Gecko) Chrome/142.0.0.0 Safari/537.36 Edg/142.0.0.0
Header HTTP_SEC_CH_UA: "Chromium";v="142", "Microsoft Edge";v="142", "Not_A Brand";v="99"
Header HTTP_SEC_CH_UA_MOBILE: ?0
Header HTTP_ACCEPT: */*
Header HTTP_ORIGIN: http://localhost:8080
Header HTTP_SEC_FETCH_SITE: same-site
Header HTTP_SEC_FETCH_MODE: cors
Header HTTP_SEC_FETCH_DEST: empty
Header HTTP_REFERER: http://localhost:8080/
Header HTTP_ACCEPT_ENCODING: gzip, deflate, br, zstd
Header HTTP_ACCEPT_LANGUAGE: en-US,en;q=0.9,en-IN;q=0.8
ClerkJWTMiddleware processing request to: /api/chat/conversations/list/
Authorization header present: True
Extracted token length: 804, path: /api/chat/conversations/list/
Token verification result: True, path: /api/chat/conversations/list/
Authenticated user: user_33ucEndklw1u8gz2zPkB7oayOpJ for path: /api/chat/conversations/list/
"GET /api/chat/conversations/list/ HTTP/1.1" 200 877
"OPTIONS /api/chat/conversations/856f0c2e-7168-4fce-be0b-85304d277450/messages/ HTTP/1.1" 200 0
Processing request to: /api/chat/conversations/856f0c2e-7168-4fce-be0b-85304d277450/messages/
Request method: GET
Header HTTP_HOST: localhost:8000
Header HTTP_CONNECTION: keep-alive
Header HTTP_SEC_CH_UA_PLATFORM: "Windows"
Header HTTP_AUTHORIZATION: Bearer eyJhbGciOiJSUzI1NiIsImNhdCI6ImNsX0I3ZDRQRDExMUFBQSIsImtpZCI6Imluc18zM3VjN1BobkcyS2p6R2dla1gxU3hUNW16ZEwiLCJ0eXAiOiJKV1QifQ.eyJhenAiOiJodHRwOi8vbG9jYWxob3N0OjgwODAiLCJleHAiOjE3NjI3MjQ3NDAsImZ2YSI6WzU1NSwtMV0sImlhdCI6MTc2MjcyNDY4MCwiaXNzIjoiaHR0cHM6Ly9zdGlycmVkLWNvbmRvci03My5jbGVyay5hY2NvdW50cy5kZXYiLCJuYmYiOjE3NjI3MjQ2NzAsInNpZCI6InNlc3NfMzVGMkJQbjJ2bGpRWEt6ak1xbU9pY2FmaGY0Iiwic3RzIjoiYWN0aXZlIiwic3ViIjoidXNlcl8zM3VjRW5ka2x3MXU4Z3oyelBrQjdvYXlPcEoiLCJ2IjoyfQ.SDG-Xe8O615QTOR5nQVKFLjCuGSmnxZrciFftrU6IdRi-eB0GwM95dN0cNiJtJj19v3k5Qe7vPxhlFhwcsm3I60hz7MhwgU6fMek47zoYDrCPaBOTpCQpXlxhPr_J2icNsUo8RO-Wv3HwlaUYmkIbTFO2Z9kJvJtWRJGt6pfKRy-sqFS4b-ZuKQccfnq2fW8I50vOuclDxQoEaO7cnNwfJu9aBKlSyk4TnGDlBEbuICWz-QkEoXZnbP87AWz4O_vTC5Hq8yCCobNle5Z2gfxvu-zWCWCWffnrf5YJICofKdpscy5SjFBhNhCR9cw1dS2SppdZ0JaDQnRaW4WZqddMQ
Header HTTP_USER_AGENT: Mozilla/5.0 (Windows NT 10.0; Win64; x64) AppleWebKit/537.36 (KHTML, like Gecko) Chrome/142.0.0.0 Safari/537.36 Edg/142.0.0.0
Header HTTP_SEC_CH_UA: "Chromium";v="142", "Microsoft Edge";v="142", "Not_A Brand";v="99"
Header HTTP_SEC_CH_UA_MOBILE: ?0
Header HTTP_ACCEPT: */*
Header HTTP_ORIGIN: http://localhost:8080
Header HTTP_SEC_FETCH_SITE: same-site
Header HTTP_SEC_FETCH_MODE: cors
Header HTTP_SEC_FETCH_DEST: empty
Header HTTP_REFERER: http://localhost:8080/
Header HTTP_ACCEPT_ENCODING: gzip, deflate, br, zstd
Header HTTP_ACCEPT_LANGUAGE: en-US,en;q=0.9,en-IN;q=0.8
ClerkJWTMiddleware processing request to: /api/chat/conversations/856f0c2e-7168-4fce-be0b-85304d277450/messages/
Authorization header present: True
Extracted token length: 804, path: /api/chat/conversations/856f0c2e-7168-4fce-be0b-85304d277450/messages/
Token verification result: True, path: /api/chat/conversations/856f0c2e-7168-4fce-be0b-85304d277450/messages/
Authenticated user: user_33ucEndklw1u8gz2zPkB7oayOpJ for path: /api/chat/conversations/856f0c2e-7168-4fce-be0b-85304d277450/messages/
"GET /api/chat/conversations/856f0c2e-7168-4fce-be0b-85304d277450/messages/ HTTP/1.1" 200 4721
"OPTIONS /api/chat/conversations/b7776a93-cbec-4ebf-b8ee-9a68e56759a7/delete/ HTTP/1.1" 200 0
Processing request to: /api/chat/conversations/b7776a93-cbec-4ebf-b8ee-9a68e56759a7/delete/
Request method: DELETE
Header HTTP_HOST: localhost:8000
Header HTTP_CONNECTION: keep-alive
Header HTTP_SEC_CH_UA_PLATFORM: "Windows"
Header HTTP_AUTHORIZATION: Bearer eyJhbGciOiJSUzI1NiIsImNhdCI6ImNsX0I3ZDRQRDExMUFBQSIsImtpZCI6Imluc18zM3VjN1BobkcyS2p6R2dla1gxU3hUNW16ZEwiLCJ0eXAiOiJKV1QifQ.eyJhenAiOiJodHRwOi8vbG9jYWxob3N0OjgwODAiLCJleHAiOjE3NjI3MjQ3NDAsImZ2YSI6WzU1NSwtMV0sImlhdCI6MTc2MjcyNDY4MCwiaXNzIjoiaHR0cHM6Ly9zdGlycmVkLWNvbmRvci03My5jbGVyay5hY2NvdW50cy5kZXYiLCJuYmYiOjE3NjI3MjQ2NzAsInNpZCI6InNlc3NfMzVGMkJQbjJ2bGpRWEt6ak1xbU9pY2FmaGY0Iiwic3RzIjoiYWN0aXZlIiwic3ViIjoidXNlcl8zM3VjRW5ka2x3MXU4Z3oyelBrQjdvYXlPcEoiLCJ2IjoyfQ.SDG-Xe8O615QTOR5nQVKFLjCuGSmnxZrciFftrU6IdRi-eB0GwM95dN0cNiJtJj19v3k5Qe7vPxhlFhwcsm3I60hz7MhwgU6fMek47zoYDrCPaBOTpCQpXlxhPr_J2icNsUo8RO-Wv3HwlaUYmkIbTFO2Z9kJvJtWRJGt6pfKRy-sqFS4b-ZuKQccfnq2fW8I50vOuclDxQoEaO7cnNwfJu9aBKlSyk4TnGDlBEbuICWz-QkEoXZnbP87AWz4O_vTC5Hq8yCCobNle5Z2gfxvu-zWCWCWffnrf5YJICofKdpscy5SjFBhNhCR9cw1dS2SppdZ0JaDQnRaW4WZqddMQ
Header HTTP_USER_AGENT: Mozilla/5.0 (Windows NT 10.0; Win64; x64) AppleWebKit/537.36 (KHTML, like Gecko) Chrome/142.0.0.0 Safari/537.36 Edg/142.0.0.0
Header HTTP_SEC_CH_UA: "Chromium";v="142", "Microsoft Edge";v="142", "Not_A Brand";v="99"
Header HTTP_SEC_CH_UA_MOBILE: ?0
Header HTTP_ACCEPT: */*
Header HTTP_ORIGIN: http://localhost:8080
Header HTTP_SEC_FETCH_SITE: same-site
Header HTTP_SEC_FETCH_MODE: cors
Header HTTP_SEC_FETCH_DEST: empty
Header HTTP_REFERER: http://localhost:8080/
Header HTTP_ACCEPT_ENCODING: gzip, deflate, br, zstd
Header HTTP_ACCEPT_LANGUAGE: en-US,en;q=0.9,en-IN;q=0.8
ClerkJWTMiddleware processing request to: /api/chat/conversations/b7776a93-cbec-4ebf-b8ee-9a68e56759a7/delete/
Authorization header present: True
Extracted token length: 804, path: /api/chat/conversations/b7776a93-cbec-4ebf-b8ee-9a68e56759a7/delete/
Token verification result: True, path: /api/chat/conversations/b7776a93-cbec-4ebf-b8ee-9a68e56759a7/delete/
Authenticated user: user_33ucEndklw1u8gz2zPkB7oayOpJ for path: /api/chat/conversations/b7776a93-cbec-4ebf-b8ee-9a68e56759a7/delete/
"DELETE /api/chat/conversations/b7776a93-cbec-4ebf-b8ee-9a68e56759a7/delete/ HTTP/1.1" 200 47
Processing request to: /api/docs/
Request method: GET
Processing request to: /api/favorites/
Header HTTP_HOST: localhost:8000
Request method: GET
Header HTTP_CONNECTION: keep-alive
Header HTTP_HOST: localhost:8000
Header HTTP_SEC_CH_UA_PLATFORM: "Windows"
Header HTTP_CONNECTION: keep-alive
Header HTTP_USER_AGENT: Mozilla/5.0 (Windows NT 10.0; Win64; x64) AppleWebKit/537.36 (KHTML, like Gecko) Chrome/142.0.0.0 Safari/537.36 Edg/142.0.0.0
Header HTTP_SEC_CH_UA_PLATFORM: "Windows"
Header HTTP_SEC_CH_UA: "Chromium";v="142", "Microsoft Edge";v="142", "Not_A Brand";v="99"
Header HTTP_AUTHORIZATION: Bearer eyJhbGciOiJSUzI1NiIsImNhdCI6ImNsX0I3ZDRQRDExMUFBQSIsImtpZCI6Imluc18zM3VjN1BobkcyS2p6R2dla1gxU3hUNW16ZEwiLCJ0eXAiOiJKV1QifQ.eyJhenAiOiJodHRwOi8vbG9jYWxob3N0OjgwODAiLCJleHAiOjE3NjI3MjQ3NDAsImZ2YSI6WzU1NSwtMV0sImlhdCI6MTc2MjcyNDY4MCwiaXNzIjoiaHR0cHM6Ly9zdGlycmVkLWNvbmRvci03My5jbGVyay5hY2NvdW50cy5kZXYiLCJuYmYiOjE3NjI3MjQ2NzAsInNpZCI6InNlc3NfMzVGMkJQbjJ2bGpRWEt6ak1xbU9pY2FmaGY0Iiwic3RzIjoiYWN0aXZlIiwic3ViIjoidXNlcl8zM3VjRW5ka2x3MXU4Z3oyelBrQjdvYXlPcEoiLCJ2IjoyfQ.SDG-Xe8O615QTOR5nQVKFLjCuGSmnxZrciFftrU6IdRi-eB0GwM95dN0cNiJtJj19v3k5Qe7vPxhlFhwcsm3I60hz7MhwgU6fMek47zoYDrCPaBOTpCQpXlxhPr_J2icNsUo8RO-Wv3HwlaUYmkIbTFO2Z9kJvJtWRJGt6pfKRy-sqFS4b-ZuKQccfnq2fW8I50vOuclDxQoEaO7cnNwfJu9aBKlSyk4TnGDlBEbuICWz-QkEoXZnbP87AWz4O_vTC5Hq8yCCobNle5Z2gfxvu-zWCWCWffnrf5YJICofKdpscy5SjFBhNhCR9cw1dS2SppdZ0JaDQnRaW4WZqddMQ
Header HTTP_SEC_CH_UA_MOBILE: ?0
Header HTTP_USER_AGENT: Mozilla/5.0 (Windows NT 10.0; Win64; x64) AppleWebKit/537.36 (KHTML, like Gecko) Chrome/142.0.0.0 Safari/537.36 Edg/142.0.0.0
Header HTTP_ACCEPT: */*
Header HTTP_SEC_CH_UA: "Chromium";v="142", "Microsoft Edge";v="142", "Not_A Brand";v="99"
Header HTTP_ORIGIN: http://localhost:8080
Header HTTP_SEC_CH_UA_MOBILE: ?0
Header HTTP_SEC_FETCH_SITE: same-site
Header HTTP_ACCEPT: */*
Header HTTP_SEC_FETCH_MODE: cors
Header HTTP_ORIGIN: http://localhost:8080
Header HTTP_SEC_FETCH_DEST: empty
Header HTTP_SEC_FETCH_SITE: same-site
Header HTTP_REFERER: http://localhost:8080/
Header HTTP_SEC_FETCH_MODE: cors
Header HTTP_ACCEPT_ENCODING: gzip, deflate, br, zstd
Header HTTP_SEC_FETCH_DEST: empty
Header HTTP_ACCEPT_LANGUAGE: en-US,en;q=0.9,en-IN;q=0.8
Header HTTP_REFERER: http://localhost:8080/
Skipping auth for path: /api/docs/
Header HTTP_ACCEPT_ENCODING: gzip, deflate, br, zstd
Header HTTP_ACCEPT_LANGUAGE: en-US,en;q=0.9,en-IN;q=0.8
ClerkJWTMiddleware processing request to: /api/favorites/
Authorization header present: True
Extracted token length: 804, path: /api/favorites/
Token verification result: True, path: /api/favorites/
Authenticated user: user_33ucEndklw1u8gz2zPkB7oayOpJ for path: /api/favorites/
list_favorites called for user: user_33ucEndklw1u8gz2zPkB7oayOpJ
Found 0 favorites for user user_33ucEndklw1u8gz2zPkB7oayOpJ
"GET /api/favorites/ HTTP/1.1" 200 2
"GET /api/docs/ HTTP/1.1" 200 24302
